30,BitcoinFX,1DDiEXqZNnqLLeQ5fvQzExXbCj94hkuUh2
35,theymos,1NXYoJ5xU91Jp83XfVMHwwTUyZFK64BoAD
27,riX,1FeZXDcxSzdfCN1Svz8CSX5PbJDh2neaNT
51,DannyM,1BekNv7ezkx8eAjdkrUta2BTp9bbxU9LGG
203,HostFat,1GSEWoKPp2biPH6gbzgrnG1rT58Dwr6jMK
271,Timo Y,1E8ydXZKFLG6zHdcZoRjRT4m4AYgYYjyAi
244,nixoid,1JjBrdRnrNGuqAcALSS7mQMthTC9ZKMx7M
292,BitLex,1D8AAABEMVaH9AQU1js4ST5YmTvFf8hcyj
413,bg002h,1GCDzqmX2Cf513E8NeThNHxiYEivU1Chhe
430,aceat64,19BxzWJbwc325MM8NzfVJYjR5Vu54saDpH
481,RudeDude,19sM3BSaoGByh3t6Hasr8YbApibXoPtW5Z
529,inertia,1D96K77f8AfeL8sRgV43QamUKRPKkzr7wD
495,juengasa,1CMhPW7ShqVSD1eZEYHnKyyAmGNfNmp7uk
541,jgarzik,1BrufViLKnSWtuWGkryPsKsxonV2NQ7Tcj
546,laczoka,1DJWRHCBMtbjmvQnaQKzU38LUDvdN2opy7
667,skull88,1MifMqtqqwMMAbb6zr8u6qEzWqq3CQeGUr
643,MoonShadow,17bLDJp6wQaCHU2cyJEFmABk51wvQ4S7rs
779,Tritonio,1JmiWV8jkReYYKfpNZvN5YaCRnwtMVk4ce
1171,btchris,17LGpN2z62zp7RS825jXwYtE7zZ19Mxxu8
1929,davout,1DavouTAsveznCFHsz688xvbrRAq4u2qm8
2062,bitboy,1BcQPKcvgLtBp8ZrRSHWewpd3h97BqEQb3
2285,mikegogulski,1F417eczAAbh41V4oLGNf3DqXLY72hsM73
2384,davidpbrown,1LSG252VYXUGxdE82bX3SafdLcMYVSr533
2414,Mahkul,1MAHKULzqZb4evFFg9157LvnJhJQQbeYo7
2587,Mithrandir,1DnM1nRtSDvC24Nz2f9FDh3FPRrpQFMhTe
2546,Peter Todd,1FCYd7j4CThTMzts78rh6iQJLBRGPW9fWv
2865,Chuck,1CKytBzLeA1QcFM33qgi9YWPq1ax3XEJ84
2788,kseistrup,1KLAUShf1z68CtMBSGXJ7cJ7LmWoRZxrWN
2818,Light,1Light1BN9Lu38Jab9iqVmJXt4Rc66WAoB
3149,painge,1BEZtjybpE7rqNVWCy58xxZUBh5YhMUFZQ
3275,jallen,1JALLENn5SAy4F6kgFUnCjP3DNE8NPS1B6
3415,BookLover,16toBAHiY7H9TWhi5gzyyL25BFjsPHhon3
3420,dooglus,1Doog7asLrYah3yeUppBVj8nUYnFkmXm2N
3551,andrew12,1DXvQa5La7wqN8qBoMmc9anNdyXeopf6FF
3283,ryepdx,1HcirQxXccc3mLZRjmVx9Vrq3CNDWTBNhH
3328,Robin,15Grg9dQcSN9wibaeRRcggDTWBSUBfjCiW
3772,rebuilder,1coyoteiikSeRz5svH9FtprD7ForHuAPK
3780,左,1NNtT9WQZc2EftEQtkQLSN7obzogckEqq5
3609,Natanael,19e75K6cWAFDNeNRg7hmsbaFtsS2WtVcvq
3987,DarkMatter,1JKdTyUjxo5VJoaQKjp4oUnXqdSSErC1mp
4241,Icon,1JafVRe23oLSku4FBwBE3rJAKc9Y8wZM5z
4132,iopq,1PacMs1nU4wTu9fFgvxVSmefhiA92VnDWu
3949,mwally,17r7tL1DmeHVBjFT8D1qkfQfWHh97HEnoS
4337,theGECK,1AH5ZBVZEhQ7vdEFLaUiaa5JKC2n4wsZk7
4218,opticbit,1M2ykXxKaMwStGtn7N3zQTWixf3qLxYNGz
4330,Tolsi,1FzSgYpLG4fpy2Q9fKXQsuLxHN81m4P3dR
4194,wasapl,1E5nYQVijJsLhMy8TzFgkHumRiGpENRoKc
4475,Blitz­,1BCrzuEuLAYdiuzzHUkBQi8tm4wC3aZdFs
4696,hashme,1PRE2AMJd8u1GnuyWUb3r8dNCZLJAFqkCn
4692,spacediver,1KQhyXyQD8BVKjR1g1urVNCn4SPdYp78vc
4630,Miner-TE,1PeMMYGn7xbZjUYeaWe9ct1VV6szLS1vkD
4578,Mythoranium,1Q6vRao5aTMGjgae5mEKN8uzQicUPy1wiu
4856,ataranlen,1CJd8W6JiGKEgKHYp4PvWXWsnemHd8uqr7
4758,Ryland R. Taylor-Almanza,14W7xx4Qqg224yGWjda7NVuDRWRkMUmrq5
4916,aahzmundus,1AahzKNU7NgNJyQPx7BJDLSiFRhgSA2P7c
4604,loOkas,1Cu7bf8bT2pDgNokKyqVD1jjv2ieZdygr5
4674,aleksey,1CybxHj37MFrqauoKE3D1nB6i3ZAVNrL6q
5097,os008,1Edcg8avQffj7K2sth8nFWXH96DxYDxtdM
5123,Cyphase,1Lcd4bmrSytyDzHYdz7pyx11vrswcERM5k
5266,hazek,17DsoNYDFmK2acnBwme4Jy4p5LsdxXW3en
5425,Sahtor,1Sahtor822Mk3zyg2VN6JWWiwXWav7ouk
5343,edric,1HCH6b6RrXSh8YeNprU29qGw8tM3cMs9eE
5545,Noitev,1PJpPoVv1Eq5wkMVguJ71zGyn6E7WmN3K2
5567,defaced,1AWNhvA7PL5pAeFdz9HpKeqRuP7hzAgUSA
5583,Groc,1GBhTMSpQXsEkLv5X3Rh9tYEm1jy2Ffeeu
5434,madsurgeon,1Fbdrx99hE5ycKwVovGF8EKJA5Nwxsa5Bw
5797,grue,1ELvnrA6PhUyDBS6iR25K1Xx4xXL6VMfJX
5776,Meni Rosenfeld,1EofoZNBhWQ3kxfKnvWkhtMns4AivZArhr
5694,thomasb,1ANJjHVS4a1GBbpsqzL8jnMjf7x5yhEhAj
6347,Maged,1MagedVeZqDtU4Jh5BdgvHpcWk9dXFzZY8
6706,RodeoX,17b3gYEbtcxf6p6TTTWSCQ6KeY2c7hBREY
6822,Scorpion,18SKyKpNm9kraqSqkYqYidzfLiyTgCvGPr
7250,deadlizard,1MEyKbVbmMVzVxLdLmt4Zf1SZHFgj56aqg
7207,TheRandomGuy,15GBmXz7fSmo5o7QAYx2cUyiAGoYVtzgj7
7373,tiberiandusk,1EwfBVC6BwA6YeqcYZmm3htwykK3MStW6N
7480,Anotheranonlol,1NoKSEjaT32xEoiRqp9NDE57gN3wYiqXsp
7378,fpgaminer,1NT4RyJMqtRuDRr6zHdXdKSpmX3SR5he6z
7351,EPiSKiNG,1EPiSKiNG139bzcwTm8rxMFNfFFdanLW5K
7798,toffoo,1CuQDGYeJ5phxwTzRX5hTogdTQdN4kdEyT
7779,layer1gfx,1NzcgrGfStvszBCdHoigpbDYJVSgSpbjpd
8191,greatbotboy,1BoTBoY2Zvb2w2hhVEfMGmF9S1x9tBEoEC
8892,mithrandi,1JJtojxeS5MLiP4zV6cb2eXaQiGghethjS
9380,zhalox,1HaQo7n62oasfMPSqJA1wvM8U89Ey6ZEKE
9004,algaidaman,1AKdamSZBrbT6z48e32a5DYToy7VENZycV
9477,Raoul Duke,125QaG6pxKGJFpj9pxdZf4VfZCd3rT13bv
9527,nebiz,1KY4hsybyqpTdxy8nSXh3KUKRi8jeGH8Jx
9532,Andrew Vorobyov,1P5ANHt5WdwuFQeCZh4iv3utqaxUb9QZmG
9582,luv2drnkbr,1D4LM66YwaoqcfHF1366pqvxvxHxvq66EZ
9850,topynate,1NaThaNMtaWH5tztbgDnBq3tTX4DCcEzMo
10102,Bogart,1KfNzSKFAmpC4kNYaGLqj8LGPHxGmRG2nZ
10101,bitcoinfuturefiction,18my28gV9fmWarnz7V7qtnUNdLpsufpYPp
10197,Bit_Happy,15DYJpWJe9H1YofsNQbP9JEWWNn7XPZgbS
10186,someguy123,1SoMGuYknDgyYypJPVVKE2teHBN4HDAh3
10044,xavier,13iVMRc9xTo56MwTQKXEEwcfvr3xwbdH6h
10074,Orbijx,1FAtDiCkfsSqhEAuMgcmt5Z37edRmVh9xr
10408,flyingmonkeycrap,1GxiyTBmuSNsuD6eCB3mTqYdfHCtv8FQu9
10695,phedny,1PHednyu7gf1zzhKQogKbpvNHQWQGb1Nvu
10394,pizzaman,1LuisfqKdwXPJXqPK1gBFWWibJerECcoey
10896,pera,1MiYCi6meY6hwEG6S4BZ2mBGNaddQ3pera
11158,ScoMo,16FYsPVoUP4shwfDWjAy2JwBs4pYa25Jpi
11275,wariner,1AbJaAny7xVVt7yk313PkvWzQvScNPm6Na
11425,gmaxwell,1DhbSoB3rnReSrSsic5X3UNPeXLU4HHg4q
11441,nanamin,163Swht3pjV1iW7nQRZ6njuxwGPa5qCd9H
11718,s0beit,196vWzCLXm1YNzUAdGJncwf8RAbbjGnSdr
11709,bill86,13ZPdQdsT1tEFSh5zigUzwzdFhdYQPCczs
11716,jones,163cGCmRm6Eprut6TGhZfCs1BzdjHzCxiu
11999,Khoss,1PLPYw22CieaTpSrpaTT4Jae2vXxxPxCxS
12229,kr105,1JiTB1STs22DrqJRcHtEwhKQgPaSVBhJLE
12322,shackra,12Mqx2XZmVrRgZKPRwpyYkcw5JZi5NZe4u
12472,unk,13kqJEMqZPSPmc18wzogz71pAFzU7SCJhs
12683,Chris180Z,1KNj1NbqB4P6mxQFGucwn7dBmWbTPs8p5X
12950,piratvogel,1ED5GAsWpua7xg5NniF6FPi2qhbXrFmznE
12847,SirGeekalot,1FM487fLK7ocJkd3BipDvYG2fyMHTeDM3Y
13083,yuzhe,14kCFssNkH8SsXdCu8aW7AuLusQwrBDsk2
12952,tigereye,1AE5e56ivvaGMJJmLrZoLgiZXPx93CddyA
12957,Morti,1EhhXhFxcdEpUWSMbzUUomYU6iGNzusFes
13235,donut,1donutMH4L7kdRqh4xvSvesfd3KFu3UNm
13250,nino_decoy,1Hztsn6WsiYPzfjsSKM5wKmbRB6ePssyzf
13077,DPoS,1KN1K1xStzsgfYxdArSX4PEjFfcLEuYhid
13189,clark3934,1CLARKM6fuKZLNxeXpKmBKWrUkJibvRUcA
13279,frozen,18V8cAeWQqnkDukBk5BJCMKQCZ9R3tRoND
13071,SomeoneWeird,1KeioMKLAvvae3KkS8B6oGusS1WuueAJBh
13665,dvaic,1Gc9MCW8QTgfVGoaW32vNpg4VL2jFqBCyc
13783,MysteryMiner,1LEaxxAh1LKFUvDKYVhiMEVAHRM7K5o7cF
13512,enmaku,13rA8U1wRrk3mqw8gR45m94HbASTkTrrT2
13622,icolsuineg,1Avi9bf3m6fAj7MmubMKJh4BtnChGtTTmp
13687,senaque,1B8K821K8m4LJPA9vsQxp3xkF1hEExZNtA
13794,PC_M@niac,15RRGhF2BeVQtzKA6GRg7i1CXPgzM1nPca
13842,chinamaxim,16LNDUAuyLvENBkKjZw3Usc8EEXhnGkfxL
14039,hyraxer,1JKKGXCnm4Eeg5ZLD5WMNCGReb8v7FYVyf
14120,Former Metabank,1MetaBANKUZ794Lg2YEcp8mYSZQLk5KBAM
14068,fabrizziop,1CgmAeaAq5X4kX17sH6kK4ZTJ3yqz9XFAo
14118,organofcorti,12QxPHEuxDrs7mCyGSx1iVSozTwtquDB3r
14283,bitpop,1BitPoPevGTcnSGWqHGrFiVg6fVC7y9NVK
14350,Amechan,1Gsv8zKApS9wq1NoU4aCiJ8jR7dkhzPthy
14378,Michael_S,1MichaS16UMKFgNjanKrtfD51HpBkqPAwD
13976,nixon,197cc6yxzfo2o2Az3ZxT98c2XXntxBXH6j
14001,MiningBuddy,1G7rLP657mS4xfNobSva9U5xwUhRhVbeUo
14332,BitMinerN8,1MinerN8NgSDAPUCriyrB1mqaGf7iALwQh
14492,justusranvier,vJmvEiU7p2oS6iitXsejS8dySdPTn5ZHWDYLXuSpAa4ivh6Nd94Jsh2dyYBaAtvCTr5V54hSeqvhLgQcH9Va3bqooyvDAUcDWJ4ixT
14507,hawksprite,1KYotyVb2GSbzEdCfAzvq9QLatMvgNgUu6
14734,Deslock Darkstar,1MeAZefdSQNX3soHUx4iSjAtERvvrxGCVj
14744,Peter Lambert,1Q9ncDwGc5xSTK2xmEBVGmLbL1dFHSfg1y
14910,billyjoeallen,1Ctd7Na8qE7btyueEshAJF5C7ZqFWH11Wc
15090,docius,12drtm2MmnKGdaASFFM6CUG8Lh3pMJC1aV
14716,rb1205,1rb12h45FSaKQ5GjvQB6KvCwBWiA5KD7a
15215,hiperion,Cándido Cabrera 481
14741,ecogex,1MNz8vi6ZjqB491uVdebmP1Gsxam5936zf.png
14856,andrepcg,1FjknJQA2EigBrDov8dXFgiXqdzZBopNnb
15510,Mousepotato,13EWZUTv9JKNe7bxaAESRTE2w628VfK4ft
15032,a1phanumrc,15xiGM2wWu9jnNdvnM8t9YchjKJPdvfGGR
15715,Hekuro,1EtbvqwxMvM4u1y3Bq8JnUh1Ww6yNQXtzB
15187,tymothy,1QGGpaa8YX1eC2Kp99yxCPfrMoRuMUoudD
15327,RyNinDaCleM,1RyNzTkafPptkwiMCm5KTjG9bcLRMZBsU
15890,Octavian,186rn8UANAARsnAQp9dDoGThK983B8p41A
16100,omar,1Gj2AoapxwRWiCHFVhHCpMEVkZmMx7UWvX
15888,rouhaud,12fqepgvQBzd5sCaK4Bz4KmQ2FNrwMrzdU
15913,Caesium,14Y3191krf7DZgHL6nCK547qKognwJtaQi
15682,Carnth,1Carnth6u7h5ezN23gxpbKvskdR8KJDCEp
15968,cvramen,1FM8nzrgE8de8Td5XWEAhn4xmUBcYCE5mU
15707,Mabsark,198EpLMpTowuXAa5GLESa9GNe917GUso8j
16033,Xrim,1Dtztme4JLivFt2MnNi8AGry3gBwZm47tW
16400,xorglub,1taLkxh7VPqXV29at2gYzERA18iy8DULK
16116,counter,1GuRHgqsRj35f8AR2gwapAwjDRUVgNm6BR
16384,drrussellshane,1DrruSSxApL59QvRAk6jHUKgw4QWyhZ2u6
16062,minerva,15NN2YwMGAntKopJgAsFBJvfuCARkV62xo
16790,Darkchild,1DCXw1xcpHvc6bmnoRYfYR9A873ZNZ6PzD
16256,hydrogenesis,138c2J5jz3cb5BNtRBm1KeHv5Js7hYbmo9
16232,rPman,19fv5yYtfWZ9jQNjx2ncmu1TTrvg5CczZe
16614,TwinWinNerD,18888888PPJ8oGeqR6AKmoiKUme9da48Xf
16356,The Koolio,1wjsTwDdM6xg3SnT65YB9d7b1Swexuc7w
16337,IIOII,1BW7LRNWvgPvLBHPWcEiDWqP5xbggxNWyy
16377,Wepp,1HkwwvShZWQbW4NZ8qtUBesEQxJ46je2Wa
17060,A Meteorite,1MeTeorfxZNsY6gJDBtrF8JA8KEv6SKGUm
16758,twinkl,16d28Re1RQHisfqLnNLqGpDm8Ks1NL1dhN
16963,kierancassel,19vP68AcHkv3Hk6hdDFQdnTYCYZehbrw87
17409,BTCBuyer,1Evtom4yVYwPCHmp36dB42Eqe2Tm3tyBeA
17388,xyz,1F7GhFroVjg7ewLkAzoUQYKJmdj2kxDFBz
17261,tysat,1MU8yfcdwiGvGcroz2ZYw2rZeCBt1aiNv7
17713,Cocioale,15x4GHjUMk8aU4F8aARLEYj6qeeunkBdzB
18140,whizter,1GoxBox4GByMPLKHsFBR2WVFt1Xunp9ksU
17768,dserrano5,1BTMT4yPQeCB58ChsqoUCSHFBYhoRpvTri
17884,kokojie,1kokojUapmWqCqPw3Ch2rjcVh57tJEzka
18420,anawaz,1F3XNcLj1H8QZ6iSnEwRqgAv6pdJ5Y7h3B
18555,boombastic,16WgXj8d374iiu9V5bSPwqNS34cqFcNZGY
18560,spook30,1L6M3imKQESjJ1CQy3XqNAjvwXnSgmoXff
18640,SebastianJu,1EuW7PgLmF22oAhF7pat1tdKeYH1u3Zezw
18103,yuchuanzhen,17YxKtDNYWjkhPYTKieh4xSGuyAfL4kJ5o
18805,Nyx,1BayXVUJqJrdvdReXBL4ZQAJu4zdqT41Jp
17926,fonestar,16bY6d2wisEZ78pU6UaYf6fedmN4fBhsfF
18158,wachtwoord,1GTfmjQENPTdB4n8hmkZpp7wTNzBnRtxo7
18203,MaGNeT,12Ma8DeQLwwD3kvwyQW8ZzGm6SiY7cFhXE
18253,maplemath,18Z3fSXKNWdyM6zGeraEZ6wfYZyp8ZvCLj
18980,torusJKL,167XM1Za8aG9CdbYuHFMpL2kvPsw6uC8da
18051,imperi,13bVV5tmtG9HU8vm1G29phyfrHnZQbk32q
19025,giszmo,138bkiGZBYejSU98aUyjzcD8ZirPttYWQ7
18298,L3on,1k85mQx1HvcrSuoouKNXvPrVLJnoeEz3m
18403,trackpantsboner,149FSxCU5VhTW4JyWFPxUqaiX6XNGg2qa9
18559,trcjr,1NP9AfdYeoq5g6EZ1nyc9vtDZLDEZimFD3
18614,CanaryInTheMine,Varies
18277,Thom,1THoM4cn8hHTyE637DEPMCLcerZe1mL1X
18231,Beefy,14njtaXVym3z4RZuZuHHgYpKw6vRXGthwZ
18503,galaxy07,1KexKKx6YZ38v96MZLBRPRyjv9qU3SKfwt
18639,Oldminer,yes I have one
18312,phantastisch,1KqBXwqmiDmyPfpX3bV1eNVAR34K5TKt2H
19355,crazy987,14HXArRGi3DAJBm3g6pyhAyJDEVcrvauCj
18321,OgNasty,168WXhArv7Fasqvi2xm5MQMfLhG18jifMe
18618,rethaw,1BxRf3D9fhM3aJyVbcJCSZvwoVfTj1nrnN
18914,film2240,1AwgPR37CMjqfHKjLMXmGjEp8wR8ZaizBV
18939,Jimmy2011,1EBxhCQp2bUdQDZoQsix6vnivtr3EodCdP
19099,cc5alive,1A6AJnusU6qMnGsggNqA1C2eqws9YdqKX7
18796,ipxtreme,14PkHaJH5GexLG9P7MYxHRNvZeCq2t8DWX
18802,MHC,1Hp7WNATfjEVsnoDx94uMnzUAhR3eB2VUB
18867,lifeboat,1LifeboatVPg24QghZ73Dzrx8AxcJLCnoA
19278,spanko,1PpVWRxg4KcNqyzFBNy2GrU3mf6Xz6Jryg
19543,timfah,1HLGwjygVBiUrA4rW3dKn4RN1reUGwXZHj
19497,D.H.,179sbRkxpQC8YYDYDpMtTAgXdRppJ6ZXvx
19321,viboracecata,1C1pqZjzaQRFmUYDDe7u2jE22Kuk8eED77
19879,elements,1MAQYNLp2VJ9wWhPYg5BnrbUGzdhGXopZw
19738,xris,1DyBBYUKbzeEsgi63XES1bwzS9SYn3aGda
19506,Xian,13oksm9tQEbpE1142pDNmrFZEaUFbJAjam
20114,advanced,1337AdvApU14cW4M8fU5E1zAqDEe4NZGGN
19897,zvs,1DuHGFxJyZ4ebqVodWf12dQwPXYSbGdyCL
19906,Dunbar,162YRxpeb5h6XizX1rADNnDYxUv93ePhmT
19971,ckolivas,148KkS2vgVi4VzUi4JcKzM2PMaMVPi3nnq
20001,amano,1KFap8hVCUNQ4r5bqmRGMK4eprtmFoWUf6
20287,Daveid,1BQeps5Cn6gLaaxGdqrhUSBaPKXAvf4qsJ
20396,firsttimeuser,17GkiAsDNmQQU2ZvkxzuZwMpaRsnSL7KHK
21665,hroost,18HM5F5RAK23rrtyndbSEiWGWJJitN5x94
20802,bluefirecorp,1NQJcAmdcdAPWFyEKNEUwBT9DnjYq2syJ3
20832,goebat,1ND2dQ4Nj7r7HaDhJEQuK4Q6xEDeZVQ1Uh
21053,jackjack,19QkqAza7BHFTuoz9N8UQkryP4E9jHo4N3
21539,dentldir,1DentLdiRMv3dpmpmqWsQev8BUaty9vN3v
21182,neiros,1yirJsnmjsTDNCMknokaaYE2kkqYZiUhJ
22110,myrond,1myrondKEmVzJiAEoPU4ezuQYcSo1oRcf
21282,Synaptic,1GiTHuZRxPyLynjQguV2HyjbogqqtvLxWp
22145,seleme,1B8LqtYRWoDezqbEdDEohZN7w2cL45kwAj
21151,zumbador,1NB7GiKMeWszpxzBYj2JrKpcqmkSR8B9k8
22265,brianbbad,14vgEZpWf27EeJRBTEjN7ZZnhfG5Lb6bRc
22340,udecker,17xr7sbehYY4YSZX9yuJe6gK9rrdRrZx26
22049,logansryche,1FDyhK9UCTZBvoddcC1CtGeKo1RbfogBx2
21631,ableorange,1q5MNaSedouQ2yc5J1qjmMJwsBZ4E3KGr
22164,Schleicher,14SGNMGMpxY53nnxGXXg2sudrgTxP6psSh
21996,PlatinSurfer90,15rUh4e5STUxQixjT3eEqMCkVRdN6eD5Jv
22379,ullikume,1Lq4xNXJVM39QDwfBADnu67KfjHbZLwxgo
22143,arsy,1KYuZ4zZuGmphnix7eNkVjWpH9669bjAEA
22153,themusicgod1,1MvwZ6e2PA9QxNimjvq5VuzXpicW2rbzf3
23075,Kevlar,14rksGEhDzYUiRuYDAeS94huLn4f3Kxg2o
22778,2dogs,1Euyh2tVSLfcvYvMtfs2uRvZ6ZBEbdckxR
22936,Shevek,1SheveKuPHpzpLqSvPSavik9wnC51voBa
23775,StewartJ,17Ez2NWvxZv7UqER99W6SNBKDgG4ZZY1Zc
23810,yxt,141rAFbxCxrWWaPWawy6tJVv7nmuQvFKCV
23092,malevolent,1FSGqjdq8dcfDTYUs4YFkDD42Hw5ZTsM1H
23223,2GOOD,12good4Buys8cvTj6EB4MTGNTSC4w9Swnz
23346,Hands,1KSUGdoL4PPkaLcoJ3Ny9yenQcMQcsentY
23749,ThiagoCMC,19ndL8UfzYxk7oVsx2DNiWQiusdUMQH4aq
23416,linenoise,1NHL4VQdvTBrzbmbjSMMNzNFsbWBvVLQj1
23707,strimbello,1KM41De8ePhPYgWZWdV7a782tWyP4Kj2kT
24314,the joint,1HHrdYxRSN1vmDHr4wfW9v5vQgshfEqqND
23963,Shad3dOne,1DUBLMyBno1gNSnLAEEaWXgMCwLwzBLwwA
24307,knybe,1NYBEbsY4MVyLguv52HKHX1ePoZbx8vxbF
24589,Garr255,1Garr2555P4oiAaLQqXkcdAKGg4SMt3RZS
24081,Patrón,1E5FncxJzC9YsoixzswDQMkSMuKqh4urZZ
24709,bluetowel,1Dcj5TWaXzdEBLPK1G1d43JYy4aJYV6NuE
24442,goozman96,1EYSvRf4JXPYXBQAvEqrKCFMm1MncMZ54z
24452,needypoo,1NrAJdnZxF1xRaMiJ9QbzBm6EE8ibvBDmC
24306,Precog,1LZCvQFDjqrSzCpK1HFftH83dbDc4yxDhe
24508,PulsarAV,13FquMwkrDwj2yYFp2XJSgf4uKbfLbzTPc
25129,hendo420,16UQBNWgt5sAP8pkGdcEnUxX5ko4Qy1JhW
25530,User1337,1337WG7VVaSaN3dmaJdc67egjC3dXr6nqa
25189,DaveQB,1DcAq5zHo8sKY5qgbAkNJrzjRt7h7R7RzV
24501,relm9,1GrJ3Vb6oBNsPN4v9vzkTM7ExnZymEyuXE
24511,waldox,16RyTkZmJ1VCaLXUMpvBRq6fRRtoet3o6Q
24918,abramelin582,1LwBR7Pve9KhARQFGnHxztxSd6WutoZXh3
25860,m@x,bit.co.in/max
25223,CrazyGuy,1EbmRs3iBGcKJPoprSa4Vqkat6HizqgGet
26190,yabit,1Q4E8QdEWWGL2dDfReGkMMMfmZoCGrgYVm
25146,flamingleg,1PXWTwPpVenvLE5pwcv9PrP62f1mMhzLex
25432,forzendiablo,1HhTNNiuXro3zuNX6MJRjiYwvJid31kMtS
25979,indicasteve,12yq4uHvnVTW6UTLTrnhaioh3UcGkDjXA9
26380,distortednet,15bMKttMQMPVBMqT3yamtdooPyH6SdygWd
25994,ironstove,1MsRHYKBkgw3S8wUiA9WjFoiuk1sDRRhNY
25361,IFCG,1NhXd7jBaJie9hfmUiadoD7DTWyWiYhQVN
25587,gigawatt,1E2egHUcLDAmcxcqZqpL18TPLx9Xj1akcV
26480,ehmdjii,1LsD5HpnX1Kfyti7CnHiVB1rjUEXGqmR2H
26690,GreekBitcoin,16kRzhfAKMGYST34FJWA6coYeTnyNuPzEp
26339,BecomingPhill,19YMKfUYc9S2orgBvp3LaHRbBJ5wNQENK1
25791,monokaskade,1NhNFLnVsqvXgSYk1QNjLijbGv9ydocLnX
26900,gigica viteazu`,1Kux2NyZn3r7N2PEgHXY3Na2CSi4i6Fxur
26945,GameKyuubi,1PL7eeaRbfaVRoMkFsoD7mUnzCsXEnBKj6
26107,codler,19u9uMbEdCRTyrLszCEiJCAzNJURUTaS4T
26889,AB3Ham,16wZ1pGt5avi4pj4BwsaksHaLib5YYPrgk
27470,cygan,13bfTbS2teVXNAcoNRyxaPcGRG7Va8NBBe
26666,-FaerO-,16ZaKRXRXS5tWeKVLwmvXxcr9fo59bcFPJ
27850,prodigits7,1BhLG1KGXjqGKfaemvERfeGEtPTgNY1RpS
27870,JoelKatz,1Joe1Katzci1rFcsr9HH7SLuHVnDy2aihZ
